<?xml version="1.0" encoding="UTF-8"?>
<!-- Generated by org.testng.reporters.JUnitReportReporter -->
<testsuite hostname="EMB-BAN-743" failures="0" tests="1" name="DataDriven.BothCorrect" time="19.252" errors="0" timestamp="2021-06-26T15:32:53 IST" skipped="0">
  <testcase classname="DataDriven.BothCorrect" name="Method" time="19.252"/>
  <system-out/>
</testsuite> <!-- DataDriven.BothCorrect -->
