<?xml version="1.0" encoding="UTF-8"?>
<!-- Generated by org.testng.reporters.JUnitReportReporter -->
<testsuite hostname="EMB-BAN-743" failures="0" tests="3" name="TestNgconcepts.ParallelRunning" time="7.954" errors="0" timestamp="2021-06-30T13:09:11 IST" skipped="0">
  <testcase classname="TestNgconcepts.ParallelRunning" name="openTheHomePage" time="2.512"/>
  <system-out/>
  <testcase classname="TestNgconcepts.ParallelRunning" name="openTheHomePage" time="2.944"/>
  <system-out/>
  <testcase classname="TestNgconcepts.ParallelRunning" name="openTheHomePage" time="2.498"/>
  <system-out/>
</testsuite> <!-- TestNgconcepts.ParallelRunning -->
