<?xml version="1.0" encoding="UTF-8"?>
<!-- Generated by org.testng.reporters.JUnitReportReporter -->
<testsuite hostname="EMB-BAN-743" failures="0" tests="2" name="TestNgconcepts.GroupingExample" time="0.008" errors="0" timestamp="2021-06-29T18:17:25 IST" skipped="0">
  <testcase classname="TestNgconcepts.GroupingExample" name="test4" time="0.001"/>
  <system-out/>
  <testcase classname="TestNgconcepts.GroupingExample" name="test2" time="0.007"/>
  <system-out/>
</testsuite> <!-- TestNgconcepts.GroupingExample -->
