<?xml version="1.0" encoding="UTF-8"?>
<!-- Generated by org.testng.reporters.JUnitReportReporter -->
<testsuite hostname="EMB-BAN-743" failures="0" tests="7" name="TestNgconcepts.Use_of_Priority_invocationCount_Enabled" time="0.009" errors="0" timestamp="2021-06-29T13:11:26 IST" skipped="1">
  <testcase classname="TestNgconcepts.Use_of_Priority_invocationCount_Enabled" name="startTheCar" time="0.000"/>
  <system-out/>
  <testcase classname="TestNgconcepts.Use_of_Priority_invocationCount_Enabled" name="startTheCar" time="0.001"/>
  <system-out/>
  <testcase classname="TestNgconcepts.Use_of_Priority_invocationCount_Enabled" name="startTheCar" time="0.006"/>
  <system-out/>
  <testcase classname="TestNgconcepts.Use_of_Priority_invocationCount_Enabled" name="putSecondGear" time="0.001"/>
  <system-out/>
  <testcase classname="TestNgconcepts.Use_of_Priority_invocationCount_Enabled" name="putThirdGear" time="0.000"/>
  <system-out/>
  <testcase classname="TestNgconcepts.Use_of_Priority_invocationCount_Enabled" name="putFourthGear" time="0.001"/>
  <system-out/>
  <testcase classname="TestNgconcepts.Use_of_Priority_invocationCount_Enabled" name="putFirstGear">
    <skipped/>
  </testcase> <!-- putFirstGear -->
  <system-out/>
</testsuite> <!-- TestNgconcepts.Use_of_Priority_invocationCount_Enabled -->
