<?xml version="1.0" encoding="UTF-8"?>
<!-- Generated by org.testng.reporters.JUnitReportReporter -->
<testsuite hostname="EMB-BAN-743" failures="0" tests="1" name="DataDriven.BothIncorrect" time="8.350" errors="0" timestamp="2021-06-26T15:32:53 IST" skipped="0">
  <testcase classname="DataDriven.BothIncorrect" name="Method" time="8.350"/>
  <system-out/>
</testsuite> <!-- DataDriven.BothIncorrect -->
