<?xml version="1.0" encoding="UTF-8"?>
<!-- Generated by org.testng.reporters.JUnitReportReporter -->
<testsuite hostname="EMB-BAN-743" failures="0" tests="2" name="TestNgconcepts.AnnotationsHierachy_1" time="0.008" errors="0" timestamp="2021-06-30T13:49:21 IST" skipped="0">
  <testcase classname="TestNgconcepts.AnnotationsHierachy_1" name="Test_2" time="0.002"/>
  <system-out/>
  <testcase classname="TestNgconcepts.AnnotationsHierachy_1" name="Test_1" time="0.006"/>
  <system-out/>
</testsuite> <!-- TestNgconcepts.AnnotationsHierachy_1 -->
