<?xml version="1.0" encoding="UTF-8"?>
<!-- Generated by org.testng.reporters.JUnitReportReporter -->
<testsuite hostname="EMB-BAN-743" failures="0" tests="1" name="TestNgconcepts.AnnotationsHierachy_2" time="0.001" errors="0" timestamp="2021-06-30T13:49:21 IST" skipped="0">
  <testcase classname="TestNgconcepts.AnnotationsHierachy_2" name="test3" time="0.001"/>
  <system-out/>
</testsuite> <!-- TestNgconcepts.AnnotationsHierachy_2 -->
