<?xml version="1.0" encoding="UTF-8"?>
<!-- Generated by org.testng.reporters.JUnitReportReporter -->
<testsuite hostname="EMB-BAN-743" failures="0" tests="4" name="DataDriven.UsingExcelSheet" time="27.669" errors="0" timestamp="2021-06-28T15:06:39 IST" skipped="0">
  <testcase classname="DataDriven.UsingExcelSheet" name="Method" time="2.830"/>
  <system-out/>
  <testcase classname="DataDriven.UsingExcelSheet" name="Method" time="12.754"/>
  <system-out/>
  <testcase classname="DataDriven.UsingExcelSheet" name="Method" time="3.081"/>
  <system-out/>
  <testcase classname="DataDriven.UsingExcelSheet" name="Method" time="9.004"/>
  <system-out/>
</testsuite> <!-- DataDriven.UsingExcelSheet -->
