<?xml version="1.0" encoding="UTF-8"?>
<!-- Generated by org.testng.reporters.JUnitReportReporter -->
<testsuite hostname="EMB-BAN-743" failures="0" tests="1" name="DataDrivenUsingParameter.CorrectPassword" time="8.120" errors="0" timestamp="2021-06-25T14:48:53 IST" skipped="0">
  <testcase classname="DataDrivenUsingParameter.CorrectPassword" name="Method" time="8.120"/>
  <system-out/>
</testsuite> <!-- DataDrivenUsingParameter.CorrectPassword -->
