<?xml version="1.0" encoding="UTF-8"?>
<!-- Generated by org.testng.reporters.JUnitReportReporter -->
<testsuite hostname="EMB-BAN-743" failures="0" tests="5" name="TestNgconcepts.DependsOnMethodExample" time="0.011" errors="0" timestamp="2021-06-29T13:55:50 IST" skipped="0">
  <testcase classname="TestNgconcepts.DependsOnMethodExample" name="Twelth" time="0.001"/>
  <system-out/>
  <testcase classname="TestNgconcepts.DependsOnMethodExample" name="Tenth" time="0.007"/>
  <system-out/>
  <testcase classname="TestNgconcepts.DependsOnMethodExample" name="ahd" time="0.001"/>
  <system-out/>
  <testcase classname="TestNgconcepts.DependsOnMethodExample" name="aah" time="0.001"/>
  <system-out/>
  <testcase classname="TestNgconcepts.DependsOnMethodExample" name="college" time="0.001"/>
  <system-out/>
</testsuite> <!-- TestNgconcepts.DependsOnMethodExample -->
