<?xml version="1.0" encoding="UTF-8"?>
<!-- Generated by org.testng.reporters.JUnitReportReporter -->
<testsuite hostname="EMB-BAN-743" failures="0" tests="1" name="fileDownload.TestClass" time="0.011" errors="0" timestamp="2021-06-29T18:26:48 IST" skipped="0">
  <testcase classname="fileDownload.TestClass" name="syso" time="0.011"/>
  <system-out/>
</testsuite> <!-- fileDownload.TestClass -->
