<?xml version="1.0" encoding="UTF-8"?>
<!-- Generated by org.testng.reporters.JUnitReportReporter -->
<testsuite hostname="EMB-BAN-743" failures="0" tests="6" name="DataDriven.UsingExcelSheet_1" time="16.129" errors="0" timestamp="2021-06-28T23:08:16 IST" skipped="0">
  <testcase classname="DataDriven.UsingExcelSheet_1" name="Method" time="1.263"/>
  <system-out/>
  <testcase classname="DataDriven.UsingExcelSheet_1" name="Method" time="1.079"/>
  <system-out/>
  <testcase classname="DataDriven.UsingExcelSheet_1" name="Method" time="10.245"/>
  <system-out/>
  <testcase classname="DataDriven.UsingExcelSheet_1" name="Method" time="1.229"/>
  <system-out/>
  <testcase classname="DataDriven.UsingExcelSheet_1" name="Method" time="1.157"/>
  <system-out/>
  <testcase classname="DataDriven.UsingExcelSheet_1" name="Method" time="1.156"/>
  <system-out/>
</testsuite> <!-- DataDriven.UsingExcelSheet_1 -->
