<?xml version="1.0" encoding="UTF-8"?>
<!-- Generated by org.testng.reporters.JUnitReportReporter -->
<testsuite hostname="EMB-BAN-743" failures="0" tests="5" name="DataDriven.UsingDataProvider" time="28.167" errors="0" timestamp="2021-06-28T23:55:49 IST" skipped="0">
  <testcase classname="DataDriven.UsingDataProvider" name="ErrorMessageValidation" time="3.451"/>
  <system-out/>
  <testcase classname="DataDriven.UsingDataProvider" name="ErrorMessageValidation" time="13.634"/>
  <system-out/>
  <testcase classname="DataDriven.UsingDataProvider" name="ErrorMessageValidation" time="1.442"/>
  <system-out/>
  <testcase classname="DataDriven.UsingDataProvider" name="ErrorMessageValidation" time="4.401"/>
  <system-out/>
  <testcase classname="DataDriven.UsingDataProvider" name="ErrorMessageValidation" time="5.239"/>
  <system-out/>
</testsuite> <!-- DataDriven.UsingDataProvider -->
